<?xml version="1.0" encoding="UTF-8"?>
<!-- Generated by org.testng.reporters.JUnitReportReporter -->
<testsuite hostname="Sakthi" failures="0" tests="1" name="extent_Reports.Execution" time="7.281" errors="0" timestamp="2024-03-29T13:45:30 IST" skipped="0">
  <testcase classname="extent_Reports.Execution" name="Runner" time="7.281"/>
</testsuite> <!-- extent_Reports.Execution -->
