<?xml version="1.0" encoding="UTF-8"?>
<!-- Generated by org.testng.reporters.JUnitReportReporter -->
<testsuite hostname="Sakthi" failures="0" tests="1" name="extent_Repo_Listen.Execution" time="3.045" errors="0" timestamp="2024-11-16T15:24:29 IST" skipped="0">
  <testcase classname="extent_Repo_Listen.Execution" name="Runner" time="3.045"/>
</testsuite> <!-- extent_Repo_Listen.Execution -->
