<?xml version="1.0" encoding="UTF-8"?>
<!-- Generated by org.testng.reporters.JUnitReportReporter -->
<testsuite hostname="Sakthi" failures="0" tests="4" name="extent_Repo_Listen.Execution" time="16.959" errors="0" timestamp="2024-03-29T13:50:18 IST" skipped="0">
  <testcase classname="extent_Repo_Listen.Execution" name="Runner" time="4.857"/>
  <testcase classname="extent_Repo_Listen.Execution" name="Runner" time="3.706"/>
  <testcase classname="extent_Repo_Listen.Execution" name="Runner" time="4.273"/>
  <testcase classname="extent_Repo_Listen.Execution" name="Runner" time="4.123"/>
</testsuite> <!-- extent_Repo_Listen.Execution -->
