<?xml version="1.0" encoding="UTF-8"?>
<!-- Generated by org.testng.reporters.JUnitReportReporter -->
<testsuite hostname="Sakthi" failures="0" tests="1" name="extent_Reports.Execution" time="6.665" errors="0" timestamp="2024-11-16T15:22:12 IST" skipped="0">
  <testcase classname="extent_Reports.Execution" name="Runner" time="6.665"/>
</testsuite> <!-- extent_Reports.Execution -->
